CRITICAL - 2022-04-07 02:04:37 --> syntax error, unexpected '?>'
#0 /var/www/html/cimaster/vendor/codeigniter4/framework/system/View/View.php(217): CodeIgniter\View\View->CodeIgniter\View\{closure}()
#1 /var/www/html/cimaster/vendor/codeigniter4/framework/system/View/View.php(230): CodeIgniter\View\View->render()
#2 /var/www/html/cimaster/vendor/codeigniter4/framework/system/Common.php(1097): CodeIgniter\View\View->render()
#3 /var/www/html/cimaster/app/Controllers/Backend/AdminController.php(17): view()
#4 /var/www/html/cimaster/vendor/codeigniter4/framework/system/CodeIgniter.php(824): App\Controllers\Backend\AdminController->profile()
#5 /var/www/html/cimaster/vendor/codeigniter4/framework/system/CodeIgniter.php(410): CodeIgniter\CodeIgniter->runController()
#6 /var/www/html/cimaster/vendor/codeigniter4/framework/system/CodeIgniter.php(318): CodeIgniter\CodeIgniter->handleRequest()
#7 /var/www/html/cimaster/public/index.php(37): CodeIgniter\CodeIgniter->run()
#8 {main}
CRITICAL - 2022-04-07 02:19:06 --> Invalid file: header.php
#0 /var/www/html/cimaster/vendor/codeigniter4/framework/system/View/View.php(198): CodeIgniter\Exceptions\FrameworkException::forInvalidFile()
#1 /var/www/html/cimaster/vendor/codeigniter4/framework/system/View/View.php(432): CodeIgniter\View\View->render()
#2 /var/www/html/cimaster/app/Views/layout/backend-layout.php(38): CodeIgniter\View\View->include()
#3 /var/www/html/cimaster/vendor/codeigniter4/framework/system/View/View.php(214): include('/var/www/html/c...')
#4 /var/www/html/cimaster/vendor/codeigniter4/framework/system/View/View.php(217): CodeIgniter\View\View->CodeIgniter\View\{closure}()
#5 /var/www/html/cimaster/vendor/codeigniter4/framework/system/View/View.php(230): CodeIgniter\View\View->render()
#6 /var/www/html/cimaster/vendor/codeigniter4/framework/system/Common.php(1097): CodeIgniter\View\View->render()
#7 /var/www/html/cimaster/app/Controllers/Backend/AdminController.php(17): view()
#8 /var/www/html/cimaster/vendor/codeigniter4/framework/system/CodeIgniter.php(824): App\Controllers\Backend\AdminController->profile()
#9 /var/www/html/cimaster/vendor/codeigniter4/framework/system/CodeIgniter.php(410): CodeIgniter\CodeIgniter->runController()
#10 /var/www/html/cimaster/vendor/codeigniter4/framework/system/CodeIgniter.php(318): CodeIgniter\CodeIgniter->handleRequest()
#11 /var/www/html/cimaster/public/index.php(37): CodeIgniter\CodeIgniter->run()
#12 {main}
CRITICAL - 2022-04-07 02:20:36 --> Invalid file: header.php
#0 /var/www/html/cimaster/vendor/codeigniter4/framework/system/View/View.php(198): CodeIgniter\Exceptions\FrameworkException::forInvalidFile()
#1 /var/www/html/cimaster/vendor/codeigniter4/framework/system/View/View.php(432): CodeIgniter\View\View->render()
#2 /var/www/html/cimaster/app/Views/layout/backend-layout.php(38): CodeIgniter\View\View->include()
#3 /var/www/html/cimaster/vendor/codeigniter4/framework/system/View/View.php(214): include('/var/www/html/c...')
#4 /var/www/html/cimaster/vendor/codeigniter4/framework/system/View/View.php(217): CodeIgniter\View\View->CodeIgniter\View\{closure}()
#5 /var/www/html/cimaster/vendor/codeigniter4/framework/system/View/View.php(230): CodeIgniter\View\View->render()
#6 /var/www/html/cimaster/vendor/codeigniter4/framework/system/Common.php(1097): CodeIgniter\View\View->render()
#7 /var/www/html/cimaster/app/Controllers/Backend/AdminController.php(17): view()
#8 /var/www/html/cimaster/vendor/codeigniter4/framework/system/CodeIgniter.php(824): App\Controllers\Backend\AdminController->profile()
#9 /var/www/html/cimaster/vendor/codeigniter4/framework/system/CodeIgniter.php(410): CodeIgniter\CodeIgniter->runController()
#10 /var/www/html/cimaster/vendor/codeigniter4/framework/system/CodeIgniter.php(318): CodeIgniter\CodeIgniter->handleRequest()
#11 /var/www/html/cimaster/public/index.php(37): CodeIgniter\CodeIgniter->run()
#12 {main}
CRITICAL - 2022-04-07 05:09:00 --> Undefined variable: userModel
#0 /var/www/html/cimaster/app/Controllers/Backend/AdminController.php(16): CodeIgniter\Debug\Exceptions->errorHandler()
#1 /var/www/html/cimaster/vendor/codeigniter4/framework/system/CodeIgniter.php(824): App\Controllers\Backend\AdminController->profile()
#2 /var/www/html/cimaster/vendor/codeigniter4/framework/system/CodeIgniter.php(410): CodeIgniter\CodeIgniter->runController()
#3 /var/www/html/cimaster/vendor/codeigniter4/framework/system/CodeIgniter.php(318): CodeIgniter\CodeIgniter->handleRequest()
#4 /var/www/html/cimaster/public/index.php(37): CodeIgniter\CodeIgniter->run()
#5 {main}
CRITICAL - 2022-04-07 06:36:47 --> Cannot declare class App\Controllers\Backend\LoginController, because the name is already in use
#0 [internal function]: CodeIgniter\Debug\Exceptions->shutdownHandler()
#1 {main}
