CRITICAL - 2021-12-06 08:10:30 --> Call to a member function get() on null
#0 /var/www/html/cimaster/vendor/codeigniter4/framework/system/Router/RouteCollection.php(607): CodeIgniter\CodeIgniter->Config\{closure}()
#1 /var/www/html/cimaster/app/Config/Routes.php(38): CodeIgniter\Router\RouteCollection->group()
#2 /var/www/html/cimaster/vendor/codeigniter4/framework/system/CodeIgniter.php(705): require('/var/www/html/c...')
#3 /var/www/html/cimaster/vendor/codeigniter4/framework/system/CodeIgniter.php(359): CodeIgniter\CodeIgniter->tryToRouteIt()
#4 /var/www/html/cimaster/vendor/codeigniter4/framework/system/CodeIgniter.php(318): CodeIgniter\CodeIgniter->handleRequest()
#5 /var/www/html/cimaster/public/index.php(37): CodeIgniter\CodeIgniter->run()
#6 {main}
CRITICAL - 2021-12-06 08:12:12 --> Call to a member function get() on null
#0 /var/www/html/cimaster/vendor/codeigniter4/framework/system/Router/RouteCollection.php(607): CodeIgniter\CodeIgniter->Config\{closure}()
#1 /var/www/html/cimaster/app/Config/Routes.php(38): CodeIgniter\Router\RouteCollection->group()
#2 /var/www/html/cimaster/vendor/codeigniter4/framework/system/CodeIgniter.php(705): require('/var/www/html/c...')
#3 /var/www/html/cimaster/vendor/codeigniter4/framework/system/CodeIgniter.php(359): CodeIgniter\CodeIgniter->tryToRouteIt()
#4 /var/www/html/cimaster/vendor/codeigniter4/framework/system/CodeIgniter.php(318): CodeIgniter\CodeIgniter->handleRequest()
#5 /var/www/html/cimaster/public/index.php(37): CodeIgniter\CodeIgniter->run()
#6 {main}
CRITICAL - 2021-12-06 08:12:13 --> Call to a member function get() on null
#0 /var/www/html/cimaster/vendor/codeigniter4/framework/system/Router/RouteCollection.php(607): CodeIgniter\CodeIgniter->Config\{closure}()
#1 /var/www/html/cimaster/app/Config/Routes.php(38): CodeIgniter\Router\RouteCollection->group()
#2 /var/www/html/cimaster/vendor/codeigniter4/framework/system/CodeIgniter.php(705): require('/var/www/html/c...')
#3 /var/www/html/cimaster/vendor/codeigniter4/framework/system/CodeIgniter.php(359): CodeIgniter\CodeIgniter->tryToRouteIt()
#4 /var/www/html/cimaster/vendor/codeigniter4/framework/system/CodeIgniter.php(318): CodeIgniter\CodeIgniter->handleRequest()
#5 /var/www/html/cimaster/public/index.php(37): CodeIgniter\CodeIgniter->run()
#6 {main}
CRITICAL - 2021-12-06 08:13:22 --> Call to a member function get() on null
#0 /var/www/html/cimaster/vendor/codeigniter4/framework/system/Router/RouteCollection.php(607): CodeIgniter\CodeIgniter->Config\{closure}()
#1 /var/www/html/cimaster/app/Config/Routes.php(38): CodeIgniter\Router\RouteCollection->group()
#2 /var/www/html/cimaster/vendor/codeigniter4/framework/system/CodeIgniter.php(705): require('/var/www/html/c...')
#3 /var/www/html/cimaster/vendor/codeigniter4/framework/system/CodeIgniter.php(359): CodeIgniter\CodeIgniter->tryToRouteIt()
#4 /var/www/html/cimaster/vendor/codeigniter4/framework/system/CodeIgniter.php(318): CodeIgniter\CodeIgniter->handleRequest()
#5 /var/www/html/cimaster/public/index.php(37): CodeIgniter\CodeIgniter->run()
#6 {main}
CRITICAL - 2021-12-06 08:13:23 --> Call to a member function get() on null
#0 /var/www/html/cimaster/vendor/codeigniter4/framework/system/Router/RouteCollection.php(607): CodeIgniter\CodeIgniter->Config\{closure}()
#1 /var/www/html/cimaster/app/Config/Routes.php(38): CodeIgniter\Router\RouteCollection->group()
#2 /var/www/html/cimaster/vendor/codeigniter4/framework/system/CodeIgniter.php(705): require('/var/www/html/c...')
#3 /var/www/html/cimaster/vendor/codeigniter4/framework/system/CodeIgniter.php(359): CodeIgniter\CodeIgniter->tryToRouteIt()
#4 /var/www/html/cimaster/vendor/codeigniter4/framework/system/CodeIgniter.php(318): CodeIgniter\CodeIgniter->handleRequest()
#5 /var/www/html/cimaster/public/index.php(37): CodeIgniter\CodeIgniter->run()
#6 {main}
CRITICAL - 2021-12-06 08:13:32 --> Call to a member function get() on null
#0 /var/www/html/cimaster/vendor/codeigniter4/framework/system/Router/RouteCollection.php(607): CodeIgniter\CodeIgniter->Config\{closure}()
#1 /var/www/html/cimaster/app/Config/Routes.php(38): CodeIgniter\Router\RouteCollection->group()
#2 /var/www/html/cimaster/vendor/codeigniter4/framework/system/CodeIgniter.php(705): require('/var/www/html/c...')
#3 /var/www/html/cimaster/vendor/codeigniter4/framework/system/CodeIgniter.php(359): CodeIgniter\CodeIgniter->tryToRouteIt()
#4 /var/www/html/cimaster/vendor/codeigniter4/framework/system/CodeIgniter.php(318): CodeIgniter\CodeIgniter->handleRequest()
#5 /var/www/html/cimaster/public/index.php(37): CodeIgniter\CodeIgniter->run()
#6 {main}
CRITICAL - 2021-12-06 08:13:37 --> Call to a member function get() on null
#0 /var/www/html/cimaster/vendor/codeigniter4/framework/system/Router/RouteCollection.php(607): CodeIgniter\CodeIgniter->Config\{closure}()
#1 /var/www/html/cimaster/app/Config/Routes.php(38): CodeIgniter\Router\RouteCollection->group()
#2 /var/www/html/cimaster/vendor/codeigniter4/framework/system/CodeIgniter.php(705): require('/var/www/html/c...')
#3 /var/www/html/cimaster/vendor/codeigniter4/framework/system/CodeIgniter.php(359): CodeIgniter\CodeIgniter->tryToRouteIt()
#4 /var/www/html/cimaster/vendor/codeigniter4/framework/system/CodeIgniter.php(318): CodeIgniter\CodeIgniter->handleRequest()
#5 /var/www/html/cimaster/public/index.php(37): CodeIgniter\CodeIgniter->run()
#6 {main}
CRITICAL - 2021-12-06 23:41:04 --> Invalid file: layout/dashboard-layout.php
#0 /var/www/html/cimaster/vendor/codeigniter4/framework/system/View/View.php(198): CodeIgniter\Exceptions\FrameworkException::forInvalidFile()
#1 /var/www/html/cimaster/vendor/codeigniter4/framework/system/View/View.php(230): CodeIgniter\View\View->render()
#2 /var/www/html/cimaster/vendor/codeigniter4/framework/system/Common.php(1097): CodeIgniter\View\View->render()
#3 /var/www/html/cimaster/app/Controllers/UserController.php(10): view()
#4 /var/www/html/cimaster/vendor/codeigniter4/framework/system/CodeIgniter.php(824): App\Controllers\UserController->index()
#5 /var/www/html/cimaster/vendor/codeigniter4/framework/system/CodeIgniter.php(410): CodeIgniter\CodeIgniter->runController()
#6 /var/www/html/cimaster/vendor/codeigniter4/framework/system/CodeIgniter.php(318): CodeIgniter\CodeIgniter->handleRequest()
#7 /var/www/html/cimaster/public/index.php(37): CodeIgniter\CodeIgniter->run()
#8 {main}
