CRITICAL - 2022-04-26 00:34:45 --> Undefined variable: pageTitle
#0 /var/www/html/cimaster/app/Views/frontend/dashboard.php(9): CodeIgniter\Debug\Exceptions->errorHandler()
#1 /var/www/html/cimaster/vendor/codeigniter4/framework/system/View/View.php(214): include('/var/www/html/c...')
#2 /var/www/html/cimaster/vendor/codeigniter4/framework/system/View/View.php(217): CodeIgniter\View\View->CodeIgniter\View\{closure}()
#3 /var/www/html/cimaster/vendor/codeigniter4/framework/system/Common.php(1097): CodeIgniter\View\View->render()
#4 /var/www/html/cimaster/app/Controllers/Frontend/UserController.php(25): view()
#5 /var/www/html/cimaster/vendor/codeigniter4/framework/system/CodeIgniter.php(824): App\Controllers\Frontend\UserController->index()
#6 /var/www/html/cimaster/vendor/codeigniter4/framework/system/CodeIgniter.php(410): CodeIgniter\CodeIgniter->runController()
#7 /var/www/html/cimaster/vendor/codeigniter4/framework/system/CodeIgniter.php(318): CodeIgniter\CodeIgniter->handleRequest()
#8 /var/www/html/cimaster/public/index.php(37): CodeIgniter\CodeIgniter->run()
#9 {main}
CRITICAL - 2022-04-26 09:09:54 --> Call to undefined method App\Controllers\Frontend\LoginController::session()
#0 /var/www/html/cimaster/vendor/codeigniter4/framework/system/CodeIgniter.php(801): App\Controllers\Frontend\LoginController->__construct()
#1 /var/www/html/cimaster/vendor/codeigniter4/framework/system/CodeIgniter.php(401): CodeIgniter\CodeIgniter->createController()
#2 /var/www/html/cimaster/vendor/codeigniter4/framework/system/CodeIgniter.php(318): CodeIgniter\CodeIgniter->handleRequest()
#3 /var/www/html/cimaster/public/index.php(37): CodeIgniter\CodeIgniter->run()
#4 {main}
CRITICAL - 2022-04-26 23:32:33 --> Argument 1 passed to CodeIgniter\Router\RouteCollection::group() must be of the type string, array given, called in /var/www/html/cimaster/app/Config/Routes.php on line 48
#0 /var/www/html/cimaster/app/Config/Routes.php(48): CodeIgniter\Router\RouteCollection->group()
#1 /var/www/html/cimaster/vendor/codeigniter4/framework/system/CodeIgniter.php(705): require('/var/www/html/c...')
#2 /var/www/html/cimaster/vendor/codeigniter4/framework/system/CodeIgniter.php(359): CodeIgniter\CodeIgniter->tryToRouteIt()
#3 /var/www/html/cimaster/vendor/codeigniter4/framework/system/CodeIgniter.php(318): CodeIgniter\CodeIgniter->handleRequest()
#4 /var/www/html/cimaster/public/index.php(37): CodeIgniter\CodeIgniter->run()
#5 {main}
CRITICAL - 2022-04-26 23:32:37 --> Argument 1 passed to CodeIgniter\Router\RouteCollection::group() must be of the type string, array given, called in /var/www/html/cimaster/app/Config/Routes.php on line 48
#0 /var/www/html/cimaster/app/Config/Routes.php(48): CodeIgniter\Router\RouteCollection->group()
#1 /var/www/html/cimaster/vendor/codeigniter4/framework/system/CodeIgniter.php(705): require('/var/www/html/c...')
#2 /var/www/html/cimaster/vendor/codeigniter4/framework/system/CodeIgniter.php(359): CodeIgniter\CodeIgniter->tryToRouteIt()
#3 /var/www/html/cimaster/vendor/codeigniter4/framework/system/CodeIgniter.php(318): CodeIgniter\CodeIgniter->handleRequest()
#4 /var/www/html/cimaster/public/index.php(37): CodeIgniter\CodeIgniter->run()
#5 {main}
CRITICAL - 2022-04-26 23:32:39 --> Argument 1 passed to CodeIgniter\Router\RouteCollection::group() must be of the type string, array given, called in /var/www/html/cimaster/app/Config/Routes.php on line 48
#0 /var/www/html/cimaster/app/Config/Routes.php(48): CodeIgniter\Router\RouteCollection->group()
#1 /var/www/html/cimaster/vendor/codeigniter4/framework/system/CodeIgniter.php(705): require('/var/www/html/c...')
#2 /var/www/html/cimaster/vendor/codeigniter4/framework/system/CodeIgniter.php(359): CodeIgniter\CodeIgniter->tryToRouteIt()
#3 /var/www/html/cimaster/vendor/codeigniter4/framework/system/CodeIgniter.php(318): CodeIgniter\CodeIgniter->handleRequest()
#4 /var/www/html/cimaster/public/index.php(37): CodeIgniter\CodeIgniter->run()
#5 {main}
