CRITICAL - 2022-04-25 06:50:46 --> Call to undefined method CodeIgniter\View\View::session()
#0 /var/www/html/cimaster/vendor/codeigniter4/framework/system/View/View.php(214): include()
#1 /var/www/html/cimaster/vendor/codeigniter4/framework/system/View/View.php(217): CodeIgniter\View\View->CodeIgniter\View\{closure}()
#2 /var/www/html/cimaster/vendor/codeigniter4/framework/system/Common.php(1097): CodeIgniter\View\View->render()
#3 /var/www/html/cimaster/app/Views/layout/frontend-main-layout.php(62): view()
#4 /var/www/html/cimaster/vendor/codeigniter4/framework/system/View/View.php(214): include('/var/www/html/c...')
#5 /var/www/html/cimaster/vendor/codeigniter4/framework/system/View/View.php(217): CodeIgniter\View\View->CodeIgniter\View\{closure}()
#6 /var/www/html/cimaster/vendor/codeigniter4/framework/system/View/View.php(230): CodeIgniter\View\View->render()
#7 /var/www/html/cimaster/vendor/codeigniter4/framework/system/Common.php(1097): CodeIgniter\View\View->render()
#8 /var/www/html/cimaster/app/Controllers/Frontend/UserController.php(11): view()
#9 /var/www/html/cimaster/vendor/codeigniter4/framework/system/CodeIgniter.php(824): App\Controllers\Frontend\UserController->index()
#10 /var/www/html/cimaster/vendor/codeigniter4/framework/system/CodeIgniter.php(410): CodeIgniter\CodeIgniter->runController()
#11 /var/www/html/cimaster/vendor/codeigniter4/framework/system/CodeIgniter.php(318): CodeIgniter\CodeIgniter->handleRequest()
#12 /var/www/html/cimaster/public/index.php(37): CodeIgniter\CodeIgniter->run()
#13 {main}
CRITICAL - 2022-04-25 07:34:34 --> syntax error, unexpected '{'
#0 /var/www/html/cimaster/vendor/codeigniter4/framework/system/View/View.php(217): CodeIgniter\View\View->CodeIgniter\View\{closure}()
#1 /var/www/html/cimaster/vendor/codeigniter4/framework/system/Common.php(1097): CodeIgniter\View\View->render()
#2 /var/www/html/cimaster/app/Views/layout/frontend-main-layout.php(113): view()
#3 /var/www/html/cimaster/vendor/codeigniter4/framework/system/View/View.php(214): include('/var/www/html/c...')
#4 /var/www/html/cimaster/vendor/codeigniter4/framework/system/View/View.php(217): CodeIgniter\View\View->CodeIgniter\View\{closure}()
#5 /var/www/html/cimaster/vendor/codeigniter4/framework/system/View/View.php(230): CodeIgniter\View\View->render()
#6 /var/www/html/cimaster/vendor/codeigniter4/framework/system/Common.php(1097): CodeIgniter\View\View->render()
#7 /var/www/html/cimaster/app/Controllers/Frontend/Home.php(10): view()
#8 /var/www/html/cimaster/vendor/codeigniter4/framework/system/CodeIgniter.php(824): App\Controllers\Frontend\Home->index()
#9 /var/www/html/cimaster/vendor/codeigniter4/framework/system/CodeIgniter.php(410): CodeIgniter\CodeIgniter->runController()
#10 /var/www/html/cimaster/vendor/codeigniter4/framework/system/CodeIgniter.php(318): CodeIgniter\CodeIgniter->handleRequest()
#11 /var/www/html/cimaster/public/index.php(37): CodeIgniter\CodeIgniter->run()
#12 {main}
CRITICAL - 2022-04-25 08:04:10 --> syntax error, unexpected '->' (T_OBJECT_OPERATOR)
#0 /var/www/html/cimaster/vendor/codeigniter4/framework/system/View/View.php(217): CodeIgniter\View\View->CodeIgniter\View\{closure}()
#1 /var/www/html/cimaster/vendor/codeigniter4/framework/system/Common.php(1097): CodeIgniter\View\View->render()
#2 /var/www/html/cimaster/app/Views/layout/frontend-main-layout.php(62): view()
#3 /var/www/html/cimaster/vendor/codeigniter4/framework/system/View/View.php(214): include('/var/www/html/c...')
#4 /var/www/html/cimaster/vendor/codeigniter4/framework/system/View/View.php(217): CodeIgniter\View\View->CodeIgniter\View\{closure}()
#5 /var/www/html/cimaster/vendor/codeigniter4/framework/system/View/View.php(230): CodeIgniter\View\View->render()
#6 /var/www/html/cimaster/vendor/codeigniter4/framework/system/Common.php(1097): CodeIgniter\View\View->render()
#7 /var/www/html/cimaster/app/Controllers/Frontend/UserController.php(11): view()
#8 /var/www/html/cimaster/vendor/codeigniter4/framework/system/CodeIgniter.php(824): App\Controllers\Frontend\UserController->index()
#9 /var/www/html/cimaster/vendor/codeigniter4/framework/system/CodeIgniter.php(410): CodeIgniter\CodeIgniter->runController()
#10 /var/www/html/cimaster/vendor/codeigniter4/framework/system/CodeIgniter.php(318): CodeIgniter\CodeIgniter->handleRequest()
#11 /var/www/html/cimaster/public/index.php(37): CodeIgniter\CodeIgniter->run()
#12 {main}
CRITICAL - 2022-04-25 08:04:55 --> Undefined property: App\Controllers\Frontend\UserController::$session
#0 /var/www/html/cimaster/app/Controllers/Frontend/UserController.php(16): CodeIgniter\Debug\Exceptions->errorHandler()
#1 /var/www/html/cimaster/vendor/codeigniter4/framework/system/CodeIgniter.php(824): App\Controllers\Frontend\UserController->logout()
#2 /var/www/html/cimaster/vendor/codeigniter4/framework/system/CodeIgniter.php(410): CodeIgniter\CodeIgniter->runController()
#3 /var/www/html/cimaster/vendor/codeigniter4/framework/system/CodeIgniter.php(318): CodeIgniter\CodeIgniter->handleRequest()
#4 /var/www/html/cimaster/public/index.php(37): CodeIgniter\CodeIgniter->run()
#5 {main}
CRITICAL - 2022-04-25 08:35:26 --> Trying to access array offset on value of type null
#0 /var/www/html/cimaster/app/Views/frontend/users/profile.php(17): CodeIgniter\Debug\Exceptions->errorHandler()
#1 /var/www/html/cimaster/vendor/codeigniter4/framework/system/View/View.php(214): include('/var/www/html/c...')
#2 /var/www/html/cimaster/vendor/codeigniter4/framework/system/View/View.php(217): CodeIgniter\View\View->CodeIgniter\View\{closure}()
#3 /var/www/html/cimaster/vendor/codeigniter4/framework/system/Common.php(1097): CodeIgniter\View\View->render()
#4 /var/www/html/cimaster/app/Controllers/Frontend/UserController.php(36): view()
#5 /var/www/html/cimaster/vendor/codeigniter4/framework/system/CodeIgniter.php(824): App\Controllers\Frontend\UserController->profile()
#6 /var/www/html/cimaster/vendor/codeigniter4/framework/system/CodeIgniter.php(410): CodeIgniter\CodeIgniter->runController()
#7 /var/www/html/cimaster/vendor/codeigniter4/framework/system/CodeIgniter.php(318): CodeIgniter\CodeIgniter->handleRequest()
#8 /var/www/html/cimaster/public/index.php(37): CodeIgniter\CodeIgniter->run()
#9 {main}
CRITICAL - 2022-04-25 08:37:50 --> syntax error, unexpected '(', expecting identifier (T_STRING) or variable (T_VARIABLE) or '{' or '$'
#0 /var/www/html/cimaster/vendor/codeigniter4/framework/system/Autoloader/Autoloader.php(241): CodeIgniter\Autoloader\Autoloader->includeFile()
#1 /var/www/html/cimaster/vendor/codeigniter4/framework/system/Autoloader/Autoloader.php(219): CodeIgniter\Autoloader\Autoloader->loadInNamespace()
#2 [internal function]: CodeIgniter\Autoloader\Autoloader->loadClass()
#3 [internal function]: spl_autoload_call()
#4 /var/www/html/cimaster/vendor/codeigniter4/framework/system/CodeIgniter.php(789): class_exists()
#5 /var/www/html/cimaster/vendor/codeigniter4/framework/system/CodeIgniter.php(397): CodeIgniter\CodeIgniter->startController()
#6 /var/www/html/cimaster/vendor/codeigniter4/framework/system/CodeIgniter.php(318): CodeIgniter\CodeIgniter->handleRequest()
#7 /var/www/html/cimaster/public/index.php(37): CodeIgniter\CodeIgniter->run()
#8 {main}
CRITICAL - 2022-04-25 08:39:45 --> Call to undefined method CodeIgniter\Session\Session::userdata()
#0 /var/www/html/cimaster/vendor/codeigniter4/framework/system/CodeIgniter.php(824): App\Controllers\Frontend\UserController->profile()
#1 /var/www/html/cimaster/vendor/codeigniter4/framework/system/CodeIgniter.php(410): CodeIgniter\CodeIgniter->runController()
#2 /var/www/html/cimaster/vendor/codeigniter4/framework/system/CodeIgniter.php(318): CodeIgniter\CodeIgniter->handleRequest()
#3 /var/www/html/cimaster/public/index.php(37): CodeIgniter\CodeIgniter->run()
#4 {main}
CRITICAL - 2022-04-25 08:40:39 --> Call to undefined method App\Controllers\Frontend\UserController::session()
#0 /var/www/html/cimaster/vendor/codeigniter4/framework/system/CodeIgniter.php(824): App\Controllers\Frontend\UserController->profile()
#1 /var/www/html/cimaster/vendor/codeigniter4/framework/system/CodeIgniter.php(410): CodeIgniter\CodeIgniter->runController()
#2 /var/www/html/cimaster/vendor/codeigniter4/framework/system/CodeIgniter.php(318): CodeIgniter\CodeIgniter->handleRequest()
#3 /var/www/html/cimaster/public/index.php(37): CodeIgniter\CodeIgniter->run()
#4 {main}
CRITICAL - 2022-04-25 08:42:49 --> Call to undefined method App\Controllers\Frontend\UserController::session()
#0 /var/www/html/cimaster/vendor/codeigniter4/framework/system/CodeIgniter.php(824): App\Controllers\Frontend\UserController->profile()
#1 /var/www/html/cimaster/vendor/codeigniter4/framework/system/CodeIgniter.php(410): CodeIgniter\CodeIgniter->runController()
#2 /var/www/html/cimaster/vendor/codeigniter4/framework/system/CodeIgniter.php(318): CodeIgniter\CodeIgniter->handleRequest()
#3 /var/www/html/cimaster/public/index.php(37): CodeIgniter\CodeIgniter->run()
#4 {main}
CRITICAL - 2022-04-25 08:59:28 --> Invalid file: frontend/users/editprofile.php
#0 /var/www/html/cimaster/vendor/codeigniter4/framework/system/View/View.php(198): CodeIgniter\Exceptions\FrameworkException::forInvalidFile()
#1 /var/www/html/cimaster/vendor/codeigniter4/framework/system/Common.php(1097): CodeIgniter\View\View->render()
#2 /var/www/html/cimaster/app/Controllers/Frontend/UserController.php(47): view()
#3 /var/www/html/cimaster/vendor/codeigniter4/framework/system/CodeIgniter.php(824): App\Controllers\Frontend\UserController->editProfile()
#4 /var/www/html/cimaster/vendor/codeigniter4/framework/system/CodeIgniter.php(410): CodeIgniter\CodeIgniter->runController()
#5 /var/www/html/cimaster/vendor/codeigniter4/framework/system/CodeIgniter.php(318): CodeIgniter\CodeIgniter->handleRequest()
#6 /var/www/html/cimaster/public/index.php(37): CodeIgniter\CodeIgniter->run()
#7 {main}
CRITICAL - 2022-04-25 08:59:39 --> Invalid file: frontend/users/editprofile.php
#0 /var/www/html/cimaster/vendor/codeigniter4/framework/system/View/View.php(198): CodeIgniter\Exceptions\FrameworkException::forInvalidFile()
#1 /var/www/html/cimaster/vendor/codeigniter4/framework/system/Common.php(1097): CodeIgniter\View\View->render()
#2 /var/www/html/cimaster/app/Controllers/Frontend/UserController.php(47): view()
#3 /var/www/html/cimaster/vendor/codeigniter4/framework/system/CodeIgniter.php(824): App\Controllers\Frontend\UserController->editProfile()
#4 /var/www/html/cimaster/vendor/codeigniter4/framework/system/CodeIgniter.php(410): CodeIgniter\CodeIgniter->runController()
#5 /var/www/html/cimaster/vendor/codeigniter4/framework/system/CodeIgniter.php(318): CodeIgniter\CodeIgniter->handleRequest()
#6 /var/www/html/cimaster/public/index.php(37): CodeIgniter\CodeIgniter->run()
#7 {main}
CRITICAL - 2022-04-25 09:00:31 --> Trying to access array offset on value of type null
#0 /var/www/html/cimaster/app/Views/frontend/users/editprofile.php(16): CodeIgniter\Debug\Exceptions->errorHandler()
#1 /var/www/html/cimaster/vendor/codeigniter4/framework/system/View/View.php(214): include('/var/www/html/c...')
#2 /var/www/html/cimaster/vendor/codeigniter4/framework/system/View/View.php(217): CodeIgniter\View\View->CodeIgniter\View\{closure}()
#3 /var/www/html/cimaster/vendor/codeigniter4/framework/system/Common.php(1097): CodeIgniter\View\View->render()
#4 /var/www/html/cimaster/app/Controllers/Frontend/UserController.php(47): view()
#5 /var/www/html/cimaster/vendor/codeigniter4/framework/system/CodeIgniter.php(824): App\Controllers\Frontend\UserController->editProfile()
#6 /var/www/html/cimaster/vendor/codeigniter4/framework/system/CodeIgniter.php(410): CodeIgniter\CodeIgniter->runController()
#7 /var/www/html/cimaster/vendor/codeigniter4/framework/system/CodeIgniter.php(318): CodeIgniter\CodeIgniter->handleRequest()
#8 /var/www/html/cimaster/public/index.php(37): CodeIgniter\CodeIgniter->run()
#9 {main}
