CRITICAL - 2021-12-21 07:01:25 --> Invalid file: welcome_message.php
#0 /var/www/html/cimaster/vendor/codeigniter4/framework/system/View/View.php(198): CodeIgniter\Exceptions\FrameworkException::forInvalidFile()
#1 /var/www/html/cimaster/vendor/codeigniter4/framework/system/Common.php(1097): CodeIgniter\View\View->render()
#2 /var/www/html/cimaster/app/Controllers/Home.php(9): view()
#3 /var/www/html/cimaster/vendor/codeigniter4/framework/system/CodeIgniter.php(824): App\Controllers\Home->index()
#4 /var/www/html/cimaster/vendor/codeigniter4/framework/system/CodeIgniter.php(410): CodeIgniter\CodeIgniter->runController()
#5 /var/www/html/cimaster/vendor/codeigniter4/framework/system/CodeIgniter.php(318): CodeIgniter\CodeIgniter->handleRequest()
#6 /var/www/html/cimaster/public/index.php(37): CodeIgniter\CodeIgniter->run()
#7 {main}
CRITICAL - 2021-12-21 07:53:01 --> Call to a member function view() on null
#0 /var/www/html/cimaster/vendor/codeigniter4/framework/system/View/View.php(214): include()
#1 /var/www/html/cimaster/vendor/codeigniter4/framework/system/View/View.php(217): CodeIgniter\View\View->CodeIgniter\View\{closure}()
#2 /var/www/html/cimaster/vendor/codeigniter4/framework/system/View/View.php(230): CodeIgniter\View\View->render()
#3 /var/www/html/cimaster/vendor/codeigniter4/framework/system/Common.php(1097): CodeIgniter\View\View->render()
#4 /var/www/html/cimaster/app/Controllers/Admin/AdminController.php(11): view()
#5 /var/www/html/cimaster/vendor/codeigniter4/framework/system/CodeIgniter.php(824): App\Controllers\Admin\AdminController->index()
#6 /var/www/html/cimaster/vendor/codeigniter4/framework/system/CodeIgniter.php(410): CodeIgniter\CodeIgniter->runController()
#7 /var/www/html/cimaster/vendor/codeigniter4/framework/system/CodeIgniter.php(318): CodeIgniter\CodeIgniter->handleRequest()
#8 /var/www/html/cimaster/public/index.php(37): CodeIgniter\CodeIgniter->run()
#9 {main}
