CRITICAL - 2022-04-08 01:05:05 --> Undefined variable: session
#0 /var/www/html/cimaster/app/Controllers/Backend/AdminController.php(81): CodeIgniter\Debug\Exceptions->errorHandler()
#1 /var/www/html/cimaster/vendor/codeigniter4/framework/system/CodeIgniter.php(824): App\Controllers\Backend\AdminController->saveProfile()
#2 /var/www/html/cimaster/vendor/codeigniter4/framework/system/CodeIgniter.php(410): CodeIgniter\CodeIgniter->runController()
#3 /var/www/html/cimaster/vendor/codeigniter4/framework/system/CodeIgniter.php(318): CodeIgniter\CodeIgniter->handleRequest()
#4 /var/www/html/cimaster/public/index.php(37): CodeIgniter\CodeIgniter->run()
#5 {main}
CRITICAL - 2022-04-08 01:13:07 --> Undefined variable: validation
#0 /var/www/html/cimaster/app/Controllers/Backend/AdminController.php(81): CodeIgniter\Debug\Exceptions->errorHandler()
#1 /var/www/html/cimaster/vendor/codeigniter4/framework/system/CodeIgniter.php(824): App\Controllers\Backend\AdminController->saveProfile()
#2 /var/www/html/cimaster/vendor/codeigniter4/framework/system/CodeIgniter.php(410): CodeIgniter\CodeIgniter->runController()
#3 /var/www/html/cimaster/vendor/codeigniter4/framework/system/CodeIgniter.php(318): CodeIgniter\CodeIgniter->handleRequest()
#4 /var/www/html/cimaster/public/index.php(37): CodeIgniter\CodeIgniter->run()
#5 {main}
CRITICAL - 2022-04-08 01:27:24 --> strpos(): Offset not contained in string
#0 [internal function]: CodeIgniter\Debug\Exceptions->errorHandler()
#1 /var/www/html/cimaster/vendor/codeigniter4/framework/system/Validation/Validation.php(702): strpos()
#2 /var/www/html/cimaster/vendor/codeigniter4/framework/system/Validation/Validation.php(138): CodeIgniter\Validation\Validation->splitRules()
#3 /var/www/html/cimaster/vendor/codeigniter4/framework/system/Controller.php(160): CodeIgniter\Validation\Validation->run()
#4 /var/www/html/cimaster/app/Controllers/Backend/AdminController.php(55): CodeIgniter\Controller->validate()
#5 /var/www/html/cimaster/vendor/codeigniter4/framework/system/CodeIgniter.php(824): App\Controllers\Backend\AdminController->saveProfile()
#6 /var/www/html/cimaster/vendor/codeigniter4/framework/system/CodeIgniter.php(410): CodeIgniter\CodeIgniter->runController()
#7 /var/www/html/cimaster/vendor/codeigniter4/framework/system/CodeIgniter.php(318): CodeIgniter\CodeIgniter->handleRequest()
#8 /var/www/html/cimaster/public/index.php(37): CodeIgniter\CodeIgniter->run()
#9 {main}
CRITICAL - 2022-04-08 03:01:23 --> Call to undefined method App\Models\Admin::getAll
#0 /var/www/html/cimaster/app/Controllers/Backend/AdminController.php(26): CodeIgniter\Model->__call()
#1 /var/www/html/cimaster/vendor/codeigniter4/framework/system/CodeIgniter.php(824): App\Controllers\Backend\AdminController->index()
#2 /var/www/html/cimaster/vendor/codeigniter4/framework/system/CodeIgniter.php(410): CodeIgniter\CodeIgniter->runController()
#3 /var/www/html/cimaster/vendor/codeigniter4/framework/system/CodeIgniter.php(318): CodeIgniter\CodeIgniter->handleRequest()
#4 /var/www/html/cimaster/public/index.php(37): CodeIgniter\CodeIgniter->run()
#5 {main}
CRITICAL - 2022-04-08 03:07:25 --> Call to undefined method CodeIgniter\Database\MySQLi\Result::getResults()
#0 /var/www/html/cimaster/vendor/codeigniter4/framework/system/CodeIgniter.php(824): App\Controllers\Backend\AdminController->index()
#1 /var/www/html/cimaster/vendor/codeigniter4/framework/system/CodeIgniter.php(410): CodeIgniter\CodeIgniter->runController()
#2 /var/www/html/cimaster/vendor/codeigniter4/framework/system/CodeIgniter.php(318): CodeIgniter\CodeIgniter->handleRequest()
#3 /var/www/html/cimaster/public/index.php(37): CodeIgniter\CodeIgniter->run()
#4 {main}
CRITICAL - 2022-04-08 04:13:27 --> Undefined variable: admins
#0 /var/www/html/cimaster/app/Views/backend/admins/index.php(39): CodeIgniter\Debug\Exceptions->errorHandler()
#1 /var/www/html/cimaster/vendor/codeigniter4/framework/system/View/View.php(214): include('/var/www/html/c...')
#2 /var/www/html/cimaster/vendor/codeigniter4/framework/system/View/View.php(217): CodeIgniter\View\View->CodeIgniter\View\{closure}()
#3 /var/www/html/cimaster/vendor/codeigniter4/framework/system/Common.php(1097): CodeIgniter\View\View->render()
#4 /var/www/html/cimaster/app/Controllers/Backend/AdminController.php(55): view()
#5 /var/www/html/cimaster/vendor/codeigniter4/framework/system/CodeIgniter.php(824): App\Controllers\Backend\AdminController->show()
#6 /var/www/html/cimaster/vendor/codeigniter4/framework/system/CodeIgniter.php(410): CodeIgniter\CodeIgniter->runController()
#7 /var/www/html/cimaster/vendor/codeigniter4/framework/system/CodeIgniter.php(318): CodeIgniter\CodeIgniter->handleRequest()
#8 /var/www/html/cimaster/public/index.php(37): CodeIgniter\CodeIgniter->run()
#9 {main}
CRITICAL - 2022-04-08 04:47:15 --> Undefined variable: admins
#0 /var/www/html/cimaster/app/Views/backend/admins/index.php(39): CodeIgniter\Debug\Exceptions->errorHandler()
#1 /var/www/html/cimaster/vendor/codeigniter4/framework/system/View/View.php(214): include('/var/www/html/c...')
#2 /var/www/html/cimaster/vendor/codeigniter4/framework/system/View/View.php(217): CodeIgniter\View\View->CodeIgniter\View\{closure}()
#3 /var/www/html/cimaster/vendor/codeigniter4/framework/system/Common.php(1097): CodeIgniter\View\View->render()
#4 /var/www/html/cimaster/app/Controllers/Backend/AdminController.php(49): view()
#5 /var/www/html/cimaster/vendor/codeigniter4/framework/system/CodeIgniter.php(824): App\Controllers\Backend\AdminController->edit()
#6 /var/www/html/cimaster/vendor/codeigniter4/framework/system/CodeIgniter.php(410): CodeIgniter\CodeIgniter->runController()
#7 /var/www/html/cimaster/vendor/codeigniter4/framework/system/CodeIgniter.php(318): CodeIgniter\CodeIgniter->handleRequest()
#8 /var/www/html/cimaster/public/index.php(37): CodeIgniter\CodeIgniter->run()
#9 {main}
CRITICAL - 2022-04-08 05:01:24 --> Undefined offset: 0
#0 /var/www/html/cimaster/vendor/codeigniter4/framework/system/Router/RouteCollection.php(1091): CodeIgniter\Debug\Exceptions->errorHandler()
#1 /var/www/html/cimaster/vendor/codeigniter4/framework/system/Router/RouteCollection.php(971): CodeIgniter\Router\RouteCollection->fillRouteParams()
#2 /var/www/html/cimaster/vendor/codeigniter4/framework/system/Common.php(890): CodeIgniter\Router\RouteCollection->reverseRoute()
#3 /var/www/html/cimaster/app/Views/backend/admins/profile.php(97): route_to()
#4 /var/www/html/cimaster/vendor/codeigniter4/framework/system/View/View.php(214): include('/var/www/html/c...')
#5 /var/www/html/cimaster/vendor/codeigniter4/framework/system/View/View.php(217): CodeIgniter\View\View->CodeIgniter\View\{closure}()
#6 /var/www/html/cimaster/vendor/codeigniter4/framework/system/Common.php(1097): CodeIgniter\View\View->render()
#7 /var/www/html/cimaster/app/Controllers/Backend/AdminController.php(57): view()
#8 /var/www/html/cimaster/vendor/codeigniter4/framework/system/CodeIgniter.php(824): App\Controllers\Backend\AdminController->show()
#9 /var/www/html/cimaster/vendor/codeigniter4/framework/system/CodeIgniter.php(410): CodeIgniter\CodeIgniter->runController()
#10 /var/www/html/cimaster/vendor/codeigniter4/framework/system/CodeIgniter.php(318): CodeIgniter\CodeIgniter->handleRequest()
#11 /var/www/html/cimaster/public/index.php(37): CodeIgniter\CodeIgniter->run()
#12 {main}
CRITICAL - 2022-04-08 05:03:50 --> Undefined offset: 0
#0 /var/www/html/cimaster/vendor/codeigniter4/framework/system/Router/RouteCollection.php(1091): CodeIgniter\Debug\Exceptions->errorHandler()
#1 /var/www/html/cimaster/vendor/codeigniter4/framework/system/Router/RouteCollection.php(971): CodeIgniter\Router\RouteCollection->fillRouteParams()
#2 /var/www/html/cimaster/vendor/codeigniter4/framework/system/Common.php(890): CodeIgniter\Router\RouteCollection->reverseRoute()
#3 /var/www/html/cimaster/app/Views/backend/admins/profile.php(97): route_to()
#4 /var/www/html/cimaster/vendor/codeigniter4/framework/system/View/View.php(214): include('/var/www/html/c...')
#5 /var/www/html/cimaster/vendor/codeigniter4/framework/system/View/View.php(217): CodeIgniter\View\View->CodeIgniter\View\{closure}()
#6 /var/www/html/cimaster/vendor/codeigniter4/framework/system/Common.php(1097): CodeIgniter\View\View->render()
#7 /var/www/html/cimaster/app/Controllers/Backend/AdminController.php(57): view()
#8 /var/www/html/cimaster/vendor/codeigniter4/framework/system/CodeIgniter.php(824): App\Controllers\Backend\AdminController->show()
#9 /var/www/html/cimaster/vendor/codeigniter4/framework/system/CodeIgniter.php(410): CodeIgniter\CodeIgniter->runController()
#10 /var/www/html/cimaster/vendor/codeigniter4/framework/system/CodeIgniter.php(318): CodeIgniter\CodeIgniter->handleRequest()
#11 /var/www/html/cimaster/public/index.php(37): CodeIgniter\CodeIgniter->run()
#12 {main}
CRITICAL - 2022-04-08 05:06:06 --> Undefined offset: 0
#0 /var/www/html/cimaster/vendor/codeigniter4/framework/system/Router/RouteCollection.php(1091): CodeIgniter\Debug\Exceptions->errorHandler()
#1 /var/www/html/cimaster/vendor/codeigniter4/framework/system/Router/RouteCollection.php(971): CodeIgniter\Router\RouteCollection->fillRouteParams()
#2 /var/www/html/cimaster/vendor/codeigniter4/framework/system/Common.php(890): CodeIgniter\Router\RouteCollection->reverseRoute()
#3 /var/www/html/cimaster/app/Views/backend/admins/profile.php(97): route_to()
#4 /var/www/html/cimaster/vendor/codeigniter4/framework/system/View/View.php(214): include('/var/www/html/c...')
#5 /var/www/html/cimaster/vendor/codeigniter4/framework/system/View/View.php(217): CodeIgniter\View\View->CodeIgniter\View\{closure}()
#6 /var/www/html/cimaster/vendor/codeigniter4/framework/system/Common.php(1097): CodeIgniter\View\View->render()
#7 /var/www/html/cimaster/app/Controllers/Backend/AdminController.php(57): view()
#8 /var/www/html/cimaster/vendor/codeigniter4/framework/system/CodeIgniter.php(824): App\Controllers\Backend\AdminController->show()
#9 /var/www/html/cimaster/vendor/codeigniter4/framework/system/CodeIgniter.php(410): CodeIgniter\CodeIgniter->runController()
#10 /var/www/html/cimaster/vendor/codeigniter4/framework/system/CodeIgniter.php(318): CodeIgniter\CodeIgniter->handleRequest()
#11 /var/www/html/cimaster/public/index.php(37): CodeIgniter\CodeIgniter->run()
#12 {main}
CRITICAL - 2022-04-08 05:10:31 --> Undefined offset: 0
#0 /var/www/html/cimaster/vendor/codeigniter4/framework/system/Router/RouteCollection.php(1091): CodeIgniter\Debug\Exceptions->errorHandler()
#1 /var/www/html/cimaster/vendor/codeigniter4/framework/system/Router/RouteCollection.php(971): CodeIgniter\Router\RouteCollection->fillRouteParams()
#2 /var/www/html/cimaster/vendor/codeigniter4/framework/system/Common.php(890): CodeIgniter\Router\RouteCollection->reverseRoute()
#3 /var/www/html/cimaster/app/Views/backend/admins/profile.php(97): route_to()
#4 /var/www/html/cimaster/vendor/codeigniter4/framework/system/View/View.php(214): include('/var/www/html/c...')
#5 /var/www/html/cimaster/vendor/codeigniter4/framework/system/View/View.php(217): CodeIgniter\View\View->CodeIgniter\View\{closure}()
#6 /var/www/html/cimaster/vendor/codeigniter4/framework/system/Common.php(1097): CodeIgniter\View\View->render()
#7 /var/www/html/cimaster/app/Controllers/Backend/AdminController.php(57): view()
#8 /var/www/html/cimaster/vendor/codeigniter4/framework/system/CodeIgniter.php(824): App\Controllers\Backend\AdminController->show()
#9 /var/www/html/cimaster/vendor/codeigniter4/framework/system/CodeIgniter.php(410): CodeIgniter\CodeIgniter->runController()
#10 /var/www/html/cimaster/vendor/codeigniter4/framework/system/CodeIgniter.php(318): CodeIgniter\CodeIgniter->handleRequest()
#11 /var/www/html/cimaster/public/index.php(37): CodeIgniter\CodeIgniter->run()
#12 {main}
CRITICAL - 2022-04-08 05:13:19 --> Undefined offset: 0
#0 /var/www/html/cimaster/vendor/codeigniter4/framework/system/Router/RouteCollection.php(1091): CodeIgniter\Debug\Exceptions->errorHandler()
#1 /var/www/html/cimaster/vendor/codeigniter4/framework/system/Router/RouteCollection.php(971): CodeIgniter\Router\RouteCollection->fillRouteParams()
#2 /var/www/html/cimaster/vendor/codeigniter4/framework/system/Common.php(890): CodeIgniter\Router\RouteCollection->reverseRoute()
#3 /var/www/html/cimaster/app/Views/backend/admins/profile.php(97): route_to()
#4 /var/www/html/cimaster/vendor/codeigniter4/framework/system/View/View.php(214): include('/var/www/html/c...')
#5 /var/www/html/cimaster/vendor/codeigniter4/framework/system/View/View.php(217): CodeIgniter\View\View->CodeIgniter\View\{closure}()
#6 /var/www/html/cimaster/vendor/codeigniter4/framework/system/View/View.php(432): CodeIgniter\View\View->render()
#7 /var/www/html/cimaster/app/Views/backend/admins/show.php(1): CodeIgniter\View\View->include()
#8 /var/www/html/cimaster/vendor/codeigniter4/framework/system/View/View.php(214): include('/var/www/html/c...')
#9 /var/www/html/cimaster/vendor/codeigniter4/framework/system/View/View.php(217): CodeIgniter\View\View->CodeIgniter\View\{closure}()
#10 /var/www/html/cimaster/vendor/codeigniter4/framework/system/Common.php(1097): CodeIgniter\View\View->render()
#11 /var/www/html/cimaster/app/Controllers/Backend/AdminController.php(57): view()
#12 /var/www/html/cimaster/vendor/codeigniter4/framework/system/CodeIgniter.php(824): App\Controllers\Backend\AdminController->show()
#13 /var/www/html/cimaster/vendor/codeigniter4/framework/system/CodeIgniter.php(410): CodeIgniter\CodeIgniter->runController()
#14 /var/www/html/cimaster/vendor/codeigniter4/framework/system/CodeIgniter.php(318): CodeIgniter\CodeIgniter->handleRequest()
#15 /var/www/html/cimaster/public/index.php(37): CodeIgniter\CodeIgniter->run()
#16 {main}
CRITICAL - 2022-04-08 05:15:06 --> Undefined variable: admin
#0 /var/www/html/cimaster/app/Views/backend/admins/profile.php(97): CodeIgniter\Debug\Exceptions->errorHandler()
#1 /var/www/html/cimaster/vendor/codeigniter4/framework/system/View/View.php(214): include('/var/www/html/c...')
#2 /var/www/html/cimaster/vendor/codeigniter4/framework/system/View/View.php(217): CodeIgniter\View\View->CodeIgniter\View\{closure}()
#3 /var/www/html/cimaster/vendor/codeigniter4/framework/system/View/View.php(432): CodeIgniter\View\View->render()
#4 /var/www/html/cimaster/app/Views/backend/admins/show.php(1): CodeIgniter\View\View->include()
#5 /var/www/html/cimaster/vendor/codeigniter4/framework/system/View/View.php(214): include('/var/www/html/c...')
#6 /var/www/html/cimaster/vendor/codeigniter4/framework/system/View/View.php(217): CodeIgniter\View\View->CodeIgniter\View\{closure}()
#7 /var/www/html/cimaster/vendor/codeigniter4/framework/system/Common.php(1097): CodeIgniter\View\View->render()
#8 /var/www/html/cimaster/app/Controllers/Backend/AdminController.php(57): view()
#9 /var/www/html/cimaster/vendor/codeigniter4/framework/system/CodeIgniter.php(824): App\Controllers\Backend\AdminController->show()
#10 /var/www/html/cimaster/vendor/codeigniter4/framework/system/CodeIgniter.php(410): CodeIgniter\CodeIgniter->runController()
#11 /var/www/html/cimaster/vendor/codeigniter4/framework/system/CodeIgniter.php(318): CodeIgniter\CodeIgniter->handleRequest()
#12 /var/www/html/cimaster/public/index.php(37): CodeIgniter\CodeIgniter->run()
#13 {main}
CRITICAL - 2022-04-08 06:22:30 --> syntax error, unexpected ''updated_at'' (T_CONSTANT_ENCAPSED_STRING), expecting ']'
#0 /var/www/html/cimaster/vendor/codeigniter4/framework/system/Autoloader/Autoloader.php(241): CodeIgniter\Autoloader\Autoloader->includeFile()
#1 /var/www/html/cimaster/vendor/codeigniter4/framework/system/Autoloader/Autoloader.php(219): CodeIgniter\Autoloader\Autoloader->loadInNamespace()
#2 [internal function]: CodeIgniter\Autoloader\Autoloader->loadClass()
#3 [internal function]: spl_autoload_call()
#4 /var/www/html/cimaster/vendor/codeigniter4/framework/system/CodeIgniter.php(789): class_exists()
#5 /var/www/html/cimaster/vendor/codeigniter4/framework/system/CodeIgniter.php(397): CodeIgniter\CodeIgniter->startController()
#6 /var/www/html/cimaster/vendor/codeigniter4/framework/system/CodeIgniter.php(318): CodeIgniter\CodeIgniter->handleRequest()
#7 /var/www/html/cimaster/public/index.php(37): CodeIgniter\CodeIgniter->run()
#8 {main}
ERROR - 2022-04-08 06:31:45 --> Column 'status' cannot be null
CRITICAL - 2022-04-08 06:31:45 --> Column 'status' cannot be null
#0 /var/www/html/cimaster/vendor/codeigniter4/framework/system/Database/MySQLi/Connection.php(292): mysqli->query()
#1 /var/www/html/cimaster/vendor/codeigniter4/framework/system/Database/BaseConnection.php(670): CodeIgniter\Database\MySQLi\Connection->execute()
#2 /var/www/html/cimaster/vendor/codeigniter4/framework/system/Database/BaseConnection.php(598): CodeIgniter\Database\BaseConnection->simpleQuery()
#3 /var/www/html/cimaster/vendor/codeigniter4/framework/system/Database/BaseBuilder.php(1759): CodeIgniter\Database\BaseConnection->query()
#4 /var/www/html/cimaster/vendor/codeigniter4/framework/system/Model.php(239): CodeIgniter\Database\BaseBuilder->insert()
#5 /var/www/html/cimaster/vendor/codeigniter4/framework/system/BaseModel.php(738): CodeIgniter\Model->doInsert()
#6 /var/www/html/cimaster/vendor/codeigniter4/framework/system/Model.php(620): CodeIgniter\BaseModel->insert()
#7 /var/www/html/cimaster/app/Controllers/Backend/AdminController.php(75): CodeIgniter\Model->insert()
#8 /var/www/html/cimaster/vendor/codeigniter4/framework/system/CodeIgniter.php(824): App\Controllers\Backend\AdminController->store()
#9 /var/www/html/cimaster/vendor/codeigniter4/framework/system/CodeIgniter.php(410): CodeIgniter\CodeIgniter->runController()
#10 /var/www/html/cimaster/vendor/codeigniter4/framework/system/CodeIgniter.php(318): CodeIgniter\CodeIgniter->handleRequest()
#11 /var/www/html/cimaster/public/index.php(37): CodeIgniter\CodeIgniter->run()
#12 {main}
CRITICAL - 2022-04-08 06:48:46 --> Undefined variable: adminData
#0 /var/www/html/cimaster/app/Views/backend/admins/create.php(19): CodeIgniter\Debug\Exceptions->errorHandler()
#1 /var/www/html/cimaster/vendor/codeigniter4/framework/system/View/View.php(214): include('/var/www/html/c...')
#2 /var/www/html/cimaster/vendor/codeigniter4/framework/system/View/View.php(217): CodeIgniter\View\View->CodeIgniter\View\{closure}()
#3 /var/www/html/cimaster/vendor/codeigniter4/framework/system/Common.php(1097): CodeIgniter\View\View->render()
#4 /var/www/html/cimaster/app/Controllers/Backend/AdminController.php(34): view()
#5 /var/www/html/cimaster/vendor/codeigniter4/framework/system/CodeIgniter.php(824): App\Controllers\Backend\AdminController->create()
#6 /var/www/html/cimaster/vendor/codeigniter4/framework/system/CodeIgniter.php(410): CodeIgniter\CodeIgniter->runController()
#7 /var/www/html/cimaster/vendor/codeigniter4/framework/system/CodeIgniter.php(318): CodeIgniter\CodeIgniter->handleRequest()
#8 /var/www/html/cimaster/public/index.php(37): CodeIgniter\CodeIgniter->run()
#9 {main}
CRITICAL - 2022-04-08 07:39:50 --> Undefined offset: 0
#0 /var/www/html/cimaster/vendor/codeigniter4/framework/system/Router/RouteCollection.php(1091): CodeIgniter\Debug\Exceptions->errorHandler()
#1 /var/www/html/cimaster/vendor/codeigniter4/framework/system/Router/RouteCollection.php(971): CodeIgniter\Router\RouteCollection->fillRouteParams()
#2 /var/www/html/cimaster/vendor/codeigniter4/framework/system/Common.php(890): CodeIgniter\Router\RouteCollection->reverseRoute()
#3 /var/www/html/cimaster/app/Controllers/Backend/AdminController.php(206): route_to()
#4 /var/www/html/cimaster/vendor/codeigniter4/framework/system/CodeIgniter.php(824): App\Controllers\Backend\AdminController->saveEdit()
#5 /var/www/html/cimaster/vendor/codeigniter4/framework/system/CodeIgniter.php(410): CodeIgniter\CodeIgniter->runController()
#6 /var/www/html/cimaster/vendor/codeigniter4/framework/system/CodeIgniter.php(318): CodeIgniter\CodeIgniter->handleRequest()
#7 /var/www/html/cimaster/public/index.php(37): CodeIgniter\CodeIgniter->run()
#8 {main}
CRITICAL - 2022-04-08 07:50:51 --> Undefined offset: 0
#0 /var/www/html/cimaster/vendor/codeigniter4/framework/system/Router/RouteCollection.php(1091): CodeIgniter\Debug\Exceptions->errorHandler()
#1 /var/www/html/cimaster/vendor/codeigniter4/framework/system/Router/RouteCollection.php(971): CodeIgniter\Router\RouteCollection->fillRouteParams()
#2 /var/www/html/cimaster/vendor/codeigniter4/framework/system/Common.php(890): CodeIgniter\Router\RouteCollection->reverseRoute()
#3 /var/www/html/cimaster/app/Controllers/Backend/AdminController.php(207): route_to()
#4 /var/www/html/cimaster/vendor/codeigniter4/framework/system/CodeIgniter.php(824): App\Controllers\Backend\AdminController->saveEdit()
#5 /var/www/html/cimaster/vendor/codeigniter4/framework/system/CodeIgniter.php(410): CodeIgniter\CodeIgniter->runController()
#6 /var/www/html/cimaster/vendor/codeigniter4/framework/system/CodeIgniter.php(318): CodeIgniter\CodeIgniter->handleRequest()
#7 /var/www/html/cimaster/public/index.php(37): CodeIgniter\CodeIgniter->run()
#8 {main}
CRITICAL - 2022-04-08 07:52:10 --> Undefined offset: 0
#0 /var/www/html/cimaster/vendor/codeigniter4/framework/system/Router/RouteCollection.php(1091): CodeIgniter\Debug\Exceptions->errorHandler()
#1 /var/www/html/cimaster/vendor/codeigniter4/framework/system/Router/RouteCollection.php(971): CodeIgniter\Router\RouteCollection->fillRouteParams()
#2 /var/www/html/cimaster/vendor/codeigniter4/framework/system/Common.php(890): CodeIgniter\Router\RouteCollection->reverseRoute()
#3 /var/www/html/cimaster/app/Controllers/Backend/AdminController.php(207): route_to()
#4 /var/www/html/cimaster/vendor/codeigniter4/framework/system/CodeIgniter.php(824): App\Controllers\Backend\AdminController->saveEdit()
#5 /var/www/html/cimaster/vendor/codeigniter4/framework/system/CodeIgniter.php(410): CodeIgniter\CodeIgniter->runController()
#6 /var/www/html/cimaster/vendor/codeigniter4/framework/system/CodeIgniter.php(318): CodeIgniter\CodeIgniter->handleRequest()
#7 /var/www/html/cimaster/public/index.php(37): CodeIgniter\CodeIgniter->run()
#8 {main}
CRITICAL - 2022-04-08 07:53:40 --> Undefined offset: 0
#0 /var/www/html/cimaster/vendor/codeigniter4/framework/system/Router/RouteCollection.php(1091): CodeIgniter\Debug\Exceptions->errorHandler()
#1 /var/www/html/cimaster/vendor/codeigniter4/framework/system/Router/RouteCollection.php(971): CodeIgniter\Router\RouteCollection->fillRouteParams()
#2 /var/www/html/cimaster/vendor/codeigniter4/framework/system/Common.php(890): CodeIgniter\Router\RouteCollection->reverseRoute()
#3 /var/www/html/cimaster/app/Controllers/Backend/AdminController.php(208): route_to()
#4 /var/www/html/cimaster/vendor/codeigniter4/framework/system/CodeIgniter.php(824): App\Controllers\Backend\AdminController->saveEdit()
#5 /var/www/html/cimaster/vendor/codeigniter4/framework/system/CodeIgniter.php(410): CodeIgniter\CodeIgniter->runController()
#6 /var/www/html/cimaster/vendor/codeigniter4/framework/system/CodeIgniter.php(318): CodeIgniter\CodeIgniter->handleRequest()
#7 /var/www/html/cimaster/public/index.php(37): CodeIgniter\CodeIgniter->run()
#8 {main}
CRITICAL - 2022-04-08 08:03:09 --> Undefined offset: 0
#0 /var/www/html/cimaster/vendor/codeigniter4/framework/system/Router/RouteCollection.php(1091): CodeIgniter\Debug\Exceptions->errorHandler()
#1 /var/www/html/cimaster/vendor/codeigniter4/framework/system/Router/RouteCollection.php(971): CodeIgniter\Router\RouteCollection->fillRouteParams()
#2 /var/www/html/cimaster/vendor/codeigniter4/framework/system/Common.php(890): CodeIgniter\Router\RouteCollection->reverseRoute()
#3 /var/www/html/cimaster/app/Controllers/Backend/AdminController.php(126): route_to()
#4 /var/www/html/cimaster/vendor/codeigniter4/framework/system/CodeIgniter.php(824): App\Controllers\Backend\AdminController->delete()
#5 /var/www/html/cimaster/vendor/codeigniter4/framework/system/CodeIgniter.php(410): CodeIgniter\CodeIgniter->runController()
#6 /var/www/html/cimaster/vendor/codeigniter4/framework/system/CodeIgniter.php(318): CodeIgniter\CodeIgniter->handleRequest()
#7 /var/www/html/cimaster/public/index.php(37): CodeIgniter\CodeIgniter->run()
#8 {main}
